<?xml version="1.0" encoding="UTF-8"?>
<!-- Generated by org.testng.reporters.JUnitReportReporter -->
<testsuite hostname="Nitins-MacBook-Pro.local" failures="0" tests="1" name="com.salesforce.base.APIHelper" time="1.901" errors="0" timestamp="2024-05-13T17:00:37 PDT" skipped="0">
  <testcase classname="com.salesforce.base.APIHelper" name="login" time="1.901"/>
  <system-out/>
</testsuite> <!-- com.salesforce.base.APIHelper -->
