<?xml version="1.0" encoding="UTF-8"?>
<!-- Generated by org.testng.reporters.JUnitReportReporter -->
<testsuite hostname="Nitins-MacBook-Pro.local" failures="0" tests="6" name="com.salesforce.crudTest.Validating_Crud" time="2.285" errors="0" timestamp="2024-05-15T15:19:16 PDT" skipped="0">
  <testcase classname="com.salesforce.crudTest.Validating_Crud" name="validatePatchedData" time="0.341"/>
  <system-out/>
  <testcase classname="com.salesforce.crudTest.Validating_Crud" name="validateGetAccountAPI" time="0.411"/>
  <system-out/>
  <testcase classname="com.salesforce.crudTest.Validating_Crud" name="invalidGetAccountAPI" time="0.374"/>
  <system-out/>
  <testcase classname="com.salesforce.crudTest.Validating_Crud" name="GetAllRecentAccounts" time="0.351"/>
  <system-out/>
  <testcase classname="com.salesforce.crudTest.Validating_Crud" name="validatePatchedStatus" time="0.571"/>
  <system-out/>
  <testcase classname="com.salesforce.crudTest.Validating_Crud" name="validateDeletedNonExistAccount" time="0.237"/>
  <system-out/>
</testsuite> <!-- com.salesforce.crudTest.Validating_Crud -->
