<?xml version="1.0" encoding="UTF-8"?>
<!-- Generated by org.testng.reporters.JUnitReportReporter -->
<testsuite hostname="Nitins-MacBook-Pro.local" failures="0" tests="1" name="com.salesforce.loginTest.LoginFunctionality" time="2.472" errors="0" timestamp="2024-05-16T10:47:14 PDT" skipped="0">
  <testcase classname="com.salesforce.loginTest.LoginFunctionality" name="validatelogin" time="2.472"/>
  <system-out/>
</testsuite> <!-- com.salesforce.loginTest.LoginFunctionality -->
