<?xml version="1.0" encoding="UTF-8"?>
<!-- Generated by org.testng.reporters.JUnitReportReporter -->
<testsuite hostname="Nitins-MacBook-Pro.local" failures="0" tests="1" name="com.salesforce.loginTest.LoginFunctionality" time="2.708" errors="0" timestamp="2024-05-15T15:19:16 PDT" skipped="0">
  <testcase classname="com.salesforce.loginTest.LoginFunctionality" name="validatelogin" time="2.708"/>
  <system-out/>
</testsuite> <!-- com.salesforce.loginTest.LoginFunctionality -->
