<?xml version="1.0" encoding="UTF-8"?>
<!-- Generated by org.testng.reporters.JUnitReportReporter -->
<testsuite hostname="Nitins-MacBook-Pro.local" failures="0" tests="7" name="com.salesforce.crud.Validating_Crud" time="4.867" errors="0" timestamp="2024-05-13T22:07:53 PDT" skipped="0">
  <testcase classname="com.salesforce.crud.Validating_Crud" name="validatelogin" time="2.462"/>
  <system-out/>
  <testcase classname="com.salesforce.crud.Validating_Crud" name="validatePatchedData" time="0.332"/>
  <system-out/>
  <testcase classname="com.salesforce.crud.Validating_Crud" name="validateGetAccountAPI" time="0.444"/>
  <system-out/>
  <testcase classname="com.salesforce.crud.Validating_Crud" name="GetAllRecentAccounts" time="0.311"/>
  <system-out/>
  <testcase classname="com.salesforce.crud.Validating_Crud" name="invalidGetAccountAPI" time="0.609"/>
  <system-out/>
  <testcase classname="com.salesforce.crud.Validating_Crud" name="validatePatchedStatus" time="0.464"/>
  <system-out/>
  <testcase classname="com.salesforce.crud.Validating_Crud" name="validateDeletedNonExistAccount" time="0.245"/>
  <system-out/>
</testsuite> <!-- com.salesforce.crud.Validating_Crud -->
