<?xml version="1.0" encoding="UTF-8"?>
<!-- Generated by org.testng.reporters.JUnitReportReporter -->
<testsuite hostname="Nitins-MacBook-Pro.local" failures="0" tests="6" name="com.salesforce.crudTest.Validating_Crud" time="2.870" errors="0" timestamp="2024-05-16T10:47:14 PDT" skipped="0">
  <testcase classname="com.salesforce.crudTest.Validating_Crud" name="validatePatchedData" time="0.511"/>
  <system-out/>
  <testcase classname="com.salesforce.crudTest.Validating_Crud" name="validateGetAccountAPI" time="0.508"/>
  <system-out/>
  <testcase classname="com.salesforce.crudTest.Validating_Crud" name="GetAllRecentAccounts" time="0.524"/>
  <system-out/>
  <testcase classname="com.salesforce.crudTest.Validating_Crud" name="invalidGetAccountAPI" time="0.420"/>
  <system-out/>
  <testcase classname="com.salesforce.crudTest.Validating_Crud" name="validatePatchedStatus" time="0.638"/>
  <system-out/>
  <testcase classname="com.salesforce.crudTest.Validating_Crud" name="validateDeletedNonExistAccount" time="0.269"/>
  <system-out/>
</testsuite> <!-- com.salesforce.crudTest.Validating_Crud -->
